{
  "RSpec": {
    "coverage": {
      "/src/app/models/user.rb": {
        "lines": [
          1,
          null,
          null,
          1,
          null,
          1,
          null
        ]
      },
      "/src/app/models/application_record.rb": {
        "lines": [
          1,
          1,
          null
        ]
      },
      "/src/app/controllers/application_controller.rb": {
        "lines": [
          1,
          1,
          null,
          1,
          null,
          1,
          0,
          null,
          null,
          1,
          0,
          0,
          null,
          null
        ]
      },
      "/src/app/helpers/application_helper.rb": {
        "lines": [
          1,
          1,
          null,
          1,
          0,
          0,
          0,
          null,
          null,
          1,
          0,
          null,
          null,
          1,
          0,
          null,
          null
        ]
      },
      "/src/app/controllers/cars_controller.rb": {
        "lines": [
          1,
          1,
          0,
          null,
          null,
          1,
          null,
          1,
          0,
          null,
          null
        ]
      },
      "/src/app/controllers/searches_controller.rb": {
        "lines": [
          1,
          1,
          null,
          1,
          0,
          null,
          null,
          1,
          0,
          null,
          null,
          1,
          0,
          0,
          0,
          null,
          0,
          null,
          null,
          1,
          null,
          1,
          0,
          null,
          null,
          null,
          1,
          0,
          null,
          null,
          1,
          0,
          null,
          null,
          1,
          0,
          null,
          null
        ]
      },
      "/src/app/controllers/static_pages_controller.rb": {
        "lines": [
          1,
          1,
          null,
          1,
          null
        ]
      },
      "/src/app/mailers/application_mailer.rb": {
        "lines": [
          1,
          1,
          1,
          null
        ]
      },
      "/src/app/models/car.rb": {
        "lines": [
          1,
          1,
          1,
          1,
          1,
          1,
          1,
          null
        ]
      },
      "/src/app/models/search.rb": {
        "lines": [
          1,
          1,
          null,
          1,
          null
        ]
      },
      "/src/app/queries/base_query.rb": {
        "lines": [
          1,
          1,
          1,
          1,
          null,
          1,
          null,
          1,
          0,
          null,
          null,
          1,
          null,
          1,
          12,
          null,
          12,
          null,
          null,
          1,
          15,
          15,
          null,
          null
        ]
      },
      "/src/app/queries/searchable.rb": {
        "lines": [
          1,
          1,
          null,
          1,
          12,
          null,
          11,
          11,
          null,
          null,
          1,
          22,
          null,
          2,
          2,
          null,
          null
        ]
      },
      "/src/app/queries/filterable.rb": {
        "lines": [
          1,
          1,
          null,
          1,
          24,
          null,
          2,
          null,
          null,
          1,
          2,
          2,
          2,
          null,
          null
        ]
      },
      "/src/app/queries/car_query.rb": {
        "lines": [
          1,
          1,
          null,
          1,
          null,
          1,
          12,
          null,
          null,
          1,
          12,
          12,
          null,
          12,
          12,
          12,
          12,
          12,
          null,
          null,
          1,
          null,
          1,
          12,
          null,
          null
        ]
      },
      "/src/app/queries/search_query.rb": {
        "lines": [
          1,
          1,
          3,
          null,
          null,
          1,
          3,
          3,
          null,
          3,
          null,
          null
        ]
      },
      "/src/app/validations/range_validator.rb": {
        "lines": [
          1,
          1,
          24,
          null,
          null,
          1,
          24,
          null,
          null,
          1,
          null,
          24,
          null,
          null,
          1,
          null,
          1,
          null,
          1,
          2,
          2,
          2,
          null,
          null,
          1,
          24,
          null,
          null,
          1,
          50,
          null,
          null
        ]
      }
    },
    "timestamp": 1677622592
  }
}
